TN:
SF:src\controllers\authController.js
FN:11,validateCardImage
FN:23,(anonymous_1)
FN:33,validateFaceImage
FN:49,encryptImage
FN:71,performFaceVerification
FN:132,performFaceVerificationSimulation
FN:148,signup
FN:180,login
FN:211,submitKYC
FN:272,verifyKYC
FN:307,getProfile
FN:334,makeAdmin
FNF:12
FNH:2
FNDA:0,validateCardImage
FNDA:0,(anonymous_1)
FNDA:0,validateFaceImage
FNDA:0,encryptImage
FNDA:0,performFaceVerification
FNDA:0,performFaceVerificationSimulation
FNDA:1,signup
FNDA:1,login
FNDA:0,submitKYC
FNDA:0,verifyKYC
FNDA:0,getProfile
FNDA:0,makeAdmin
DA:1,5
DA:2,5
DA:3,5
DA:4,5
DA:5,5
DA:6,5
DA:7,5
DA:8,5
DA:10,5
DA:12,0
DA:13,0
DA:14,0
DA:17,0
DA:18,0
DA:19,0
DA:22,0
DA:23,0
DA:24,0
DA:25,0
DA:28,0
DA:34,0
DA:35,0
DA:36,0
DA:38,0
DA:39,0
DA:40,0
DA:43,0
DA:50,0
DA:51,0
DA:52,0
DA:53,0
DA:55,0
DA:56,0
DA:57,0
DA:59,0
DA:65,0
DA:66,0
DA:72,0
DA:73,0
DA:74,0
DA:75,0
DA:76,0
DA:78,0
DA:79,0
DA:80,0
DA:82,0
DA:83,0
DA:84,0
DA:85,0
DA:86,0
DA:88,0
DA:89,0
DA:90,0
DA:94,0
DA:97,0
DA:98,0
DA:106,0
DA:107,0
DA:108,0
DA:109,0
DA:111,0
DA:112,0
DA:113,0
DA:114,0
DA:116,0
DA:126,0
DA:127,0
DA:128,0
DA:133,0
DA:134,0
DA:136,0
DA:137,0
DA:139,0
DA:149,1
DA:150,1
DA:151,1
DA:152,0
DA:154,1
DA:155,0
DA:156,0
DA:158,0
DA:159,0
DA:166,0
DA:176,0
DA:181,1
DA:182,1
DA:183,1
DA:184,0
DA:186,1
DA:187,0
DA:188,0
DA:190,0
DA:191,0
DA:192,0
DA:194,0
DA:196,0
DA:208,0
DA:212,0
DA:213,0
DA:214,0
DA:215,0
DA:216,0
DA:218,0
DA:219,0
DA:222,0
DA:223,0
DA:224,0
DA:227,0
DA:228,0
DA:229,0
DA:235,0
DA:236,0
DA:237,0
DA:243,0
DA:244,0
DA:246,0
DA:248,0
DA:249,0
DA:250,0
DA:251,0
DA:252,0
DA:253,0
DA:254,0
DA:256,0
DA:258,0
DA:268,0
DA:273,0
DA:274,0
DA:276,0
DA:277,0
DA:280,0
DA:281,0
DA:284,0
DA:285,0
DA:286,0
DA:289,0
DA:290,0
DA:292,0
DA:294,0
DA:303,0
DA:308,0
DA:309,0
DA:312,0
DA:313,0
DA:314,0
DA:317,0
DA:330,0
DA:335,0
DA:336,0
DA:338,0
DA:339,0
DA:342,0
DA:343,0
DA:344,0
DA:347,0
DA:348,0
DA:349,0
DA:351,0
DA:353,0
DA:363,0
DA:367,5
LF:161
LH:18
BRDA:13,0,0,0
BRDA:13,0,1,0
BRDA:18,1,0,0
BRDA:18,1,1,0
BRDA:24,2,0,0
BRDA:24,2,1,0
BRDA:35,3,0,0
BRDA:35,3,1,0
BRDA:39,4,0,0
BRDA:39,4,1,0
BRDA:52,5,0,0
BRDA:52,5,1,0
BRDA:74,6,0,0
BRDA:74,6,1,0
BRDA:97,7,0,0
BRDA:97,7,1,0
BRDA:97,8,0,0
BRDA:97,8,1,0
BRDA:113,9,0,0
BRDA:113,9,1,0
BRDA:119,10,0,0
BRDA:119,10,1,0
BRDA:137,11,0,0
BRDA:137,11,1,0
BRDA:142,12,0,0
BRDA:142,12,1,0
BRDA:151,13,0,0
BRDA:151,13,1,1
BRDA:151,14,0,1
BRDA:151,14,1,1
BRDA:155,15,0,0
BRDA:155,15,1,0
BRDA:183,16,0,0
BRDA:183,16,1,1
BRDA:183,17,0,1
BRDA:183,17,1,1
BRDA:187,18,0,0
BRDA:187,18,1,0
BRDA:191,19,0,0
BRDA:191,19,1,0
BRDA:215,20,0,0
BRDA:215,20,1,0
BRDA:215,21,0,0
BRDA:215,21,1,0
BRDA:215,21,2,0
BRDA:218,22,0,0
BRDA:218,22,1,0
BRDA:218,23,0,0
BRDA:218,23,1,0
BRDA:223,24,0,0
BRDA:223,24,1,0
BRDA:228,25,0,0
BRDA:228,25,1,0
BRDA:236,26,0,0
BRDA:236,26,1,0
BRDA:254,27,0,0
BRDA:254,27,1,0
BRDA:276,28,0,0
BRDA:276,28,1,0
BRDA:276,29,0,0
BRDA:276,29,1,0
BRDA:280,30,0,0
BRDA:280,30,1,0
BRDA:280,31,0,0
BRDA:280,31,1,0
BRDA:285,32,0,0
BRDA:285,32,1,0
BRDA:313,33,0,0
BRDA:313,33,1,0
BRDA:338,34,0,0
BRDA:338,34,1,0
BRDA:343,35,0,0
BRDA:343,35,1,0
BRF:73
BRH:6
end_of_record
TN:
SF:src\controllers\groupController.js
FN:5,createGroup
FN:29,getUserGroups
FN:43,getGroupDetails
FN:56,(anonymous_3)
FN:72,addMessage
FN:83,(anonymous_5)
FN:105,getGroupMessages
FN:117,(anonymous_7)
FN:132,joinGroup
FN:142,(anonymous_9)
FN:164,leaveGroup
FN:178,(anonymous_11)
FN:190,getGroupMembers
FN:202,(anonymous_13)
FN:217,makeContribution
FN:243,getContributions
FN:259,validateContribution
FNF:17
FNH:0
FNDA:0,createGroup
FNDA:0,getUserGroups
FNDA:0,getGroupDetails
FNDA:0,(anonymous_3)
FNDA:0,addMessage
FNDA:0,(anonymous_5)
FNDA:0,getGroupMessages
FNDA:0,(anonymous_7)
FNDA:0,joinGroup
FNDA:0,(anonymous_9)
FNDA:0,leaveGroup
FNDA:0,(anonymous_11)
FNDA:0,getGroupMembers
FNDA:0,(anonymous_13)
FNDA:0,makeContribution
FNDA:0,getContributions
FNDA:0,validateContribution
DA:1,5
DA:2,5
DA:6,0
DA:7,0
DA:8,0
DA:10,0
DA:18,0
DA:24,0
DA:30,0
DA:31,0
DA:32,0
DA:36,0
DA:38,0
DA:44,0
DA:45,0
DA:46,0
DA:48,0
DA:52,0
DA:53,0
DA:56,0
DA:57,0
DA:60,0
DA:61,0
DA:64,0
DA:66,0
DA:73,0
DA:74,0
DA:75,0
DA:76,0
DA:78,0
DA:79,0
DA:80,0
DA:83,0
DA:84,0
DA:87,0
DA:88,0
DA:91,0
DA:97,0
DA:98,0
DA:100,0
DA:106,0
DA:107,0
DA:108,0
DA:110,0
DA:113,0
DA:114,0
DA:117,0
DA:118,0
DA:121,0
DA:122,0
DA:125,0
DA:127,0
DA:133,0
DA:134,0
DA:135,0
DA:137,0
DA:138,0
DA:139,0
DA:142,0
DA:143,0
DA:146,0
DA:147,0
DA:150,0
DA:151,0
DA:154,0
DA:155,0
DA:157,0
DA:159,0
DA:165,0
DA:166,0
DA:167,0
DA:169,0
DA:170,0
DA:171,0
DA:174,0
DA:175,0
DA:178,0
DA:179,0
DA:181,0
DA:183,0
DA:185,0
DA:191,0
DA:192,0
DA:193,0
DA:195,0
DA:198,0
DA:199,0
DA:202,0
DA:203,0
DA:206,0
DA:207,0
DA:210,0
DA:212,0
DA:218,0
DA:219,0
DA:220,0
DA:221,0
DA:223,0
DA:224,0
DA:225,0
DA:228,0
DA:234,0
DA:236,0
DA:238,0
DA:244,0
DA:245,0
DA:247,0
DA:248,0
DA:249,0
DA:252,0
DA:254,0
DA:260,0
DA:261,0
DA:262,0
DA:264,0
DA:265,0
DA:266,0
DA:269,0
DA:270,0
DA:271,0
DA:274,0
DA:275,0
DA:277,0
DA:279,0
DA:283,5
LF:125
LH:3
BRDA:52,0,0,0
BRDA:52,0,1,0
BRDA:60,1,0,0
BRDA:60,1,1,0
BRDA:79,2,0,0
BRDA:79,2,1,0
BRDA:87,3,0,0
BRDA:87,3,1,0
BRDA:113,4,0,0
BRDA:113,4,1,0
BRDA:121,5,0,0
BRDA:121,5,1,0
BRDA:138,6,0,0
BRDA:138,6,1,0
BRDA:146,7,0,0
BRDA:146,7,1,0
BRDA:150,8,0,0
BRDA:150,8,1,0
BRDA:170,9,0,0
BRDA:170,9,1,0
BRDA:174,10,0,0
BRDA:174,10,1,0
BRDA:198,11,0,0
BRDA:198,11,1,0
BRDA:206,12,0,0
BRDA:206,12,1,0
BRDA:224,13,0,0
BRDA:224,13,1,0
BRDA:248,14,0,0
BRDA:248,14,1,0
BRDA:265,15,0,0
BRDA:265,15,1,0
BRDA:270,16,0,0
BRDA:270,16,1,0
BRF:34
BRH:0
end_of_record
TN:
SF:src\controllers\healthController.js
FN:1,ping
FNF:1
FNH:1
FNDA:1,ping
DA:2,1
DA:3,1
DA:5,0
DA:9,5
LF:4
LH:3
BRF:0
BRH:0
end_of_record
TN:
SF:src\controllers\notificationController.js
FN:5,sendNotification
FN:23,getUserNotifications
FN:34,markAsRead
FN:47,sendReminder
FN:68,distributePot
FN:73,(anonymous_5)
FNF:6
FNH:0
FNDA:0,sendNotification
FNDA:0,getUserNotifications
FNDA:0,markAsRead
FNDA:0,sendReminder
FNDA:0,distributePot
FNDA:0,(anonymous_5)
DA:1,5
DA:2,5
DA:6,0
DA:7,0
DA:9,0
DA:16,0
DA:18,0
DA:24,0
DA:25,0
DA:26,0
DA:27,0
DA:29,0
DA:35,0
DA:36,0
DA:37,0
DA:38,0
DA:39,0
DA:40,0
DA:42,0
DA:48,0
DA:49,0
DA:50,0
DA:52,0
DA:53,0
DA:61,0
DA:63,0
DA:69,0
DA:70,0
DA:71,0
DA:73,0
DA:74,0
DA:76,0
DA:82,0
DA:84,0
DA:86,0
DA:90,5
LF:36
LH:3
BRF:0
BRH:0
end_of_record
TN:
SF:src\controllers\profileController.js
FN:4,getProfile
FN:35,updateProfile
FN:74,changePassword
FN:108,getPaymentHistory
FN:118,(anonymous_4)
FN:138,getReliabilityStats
FN:164,calculateReliabilityScore
FN:173,calculatePunctualityScore
FN:176,(anonymous_8)
FN:182,calculateParticipationScore
FN:192,calculateConsistencyScore
FN:194,(anonymous_11)
FN:195,(anonymous_12)
FN:196,(anonymous_13)
FNF:14
FNH:0
FNDA:0,getProfile
FNDA:0,updateProfile
FNDA:0,changePassword
FNDA:0,getPaymentHistory
FNDA:0,(anonymous_4)
FNDA:0,getReliabilityStats
FNDA:0,calculateReliabilityScore
FNDA:0,calculatePunctualityScore
FNDA:0,(anonymous_8)
FNDA:0,calculateParticipationScore
FNDA:0,calculateConsistencyScore
FNDA:0,(anonymous_11)
FNDA:0,(anonymous_12)
FNDA:0,(anonymous_13)
DA:1,5
DA:2,5
DA:5,0
DA:6,0
DA:7,0
DA:8,0
DA:9,0
DA:11,0
DA:13,0
DA:30,0
DA:31,0
DA:36,0
DA:37,0
DA:38,0
DA:39,0
DA:40,0
DA:41,0
DA:44,0
DA:45,0
DA:46,0
DA:47,0
DA:48,0
DA:49,0
DA:50,0
DA:52,0
DA:54,0
DA:56,0
DA:68,0
DA:69,0
DA:75,0
DA:76,0
DA:77,0
DA:78,0
DA:79,0
DA:81,0
DA:82,0
DA:85,0
DA:86,0
DA:87,0
DA:90,0
DA:91,0
DA:92,0
DA:94,0
DA:95,0
DA:96,0
DA:98,0
DA:103,0
DA:104,0
DA:109,0
DA:110,0
DA:112,0
DA:113,0
DA:114,0
DA:117,0
DA:118,0
DA:119,0
DA:120,0
DA:122,0
DA:133,0
DA:134,0
DA:139,0
DA:140,0
DA:142,0
DA:143,0
DA:144,0
DA:147,0
DA:149,0
DA:159,0
DA:160,0
DA:165,0
DA:166,0
DA:167,0
DA:168,0
DA:169,0
DA:174,0
DA:176,0
DA:177,0
DA:179,0
DA:183,0
DA:185,0
DA:186,0
DA:187,0
DA:188,0
DA:189,0
DA:193,0
DA:194,0
DA:195,0
DA:196,0
DA:197,0
DA:198,0
DA:201,5
LF:91
LH:3
BRDA:8,0,0,0
BRDA:8,0,1,0
BRDA:40,1,0,0
BRDA:40,1,1,0
BRDA:44,2,0,0
BRDA:44,2,1,0
BRDA:45,3,0,0
BRDA:45,3,1,0
BRDA:46,4,0,0
BRDA:46,4,1,0
BRDA:47,5,0,0
BRDA:47,5,1,0
BRDA:47,6,0,0
BRDA:47,6,1,0
BRDA:49,7,0,0
BRDA:49,7,1,0
BRDA:78,8,0,0
BRDA:78,8,1,0
BRDA:78,9,0,0
BRDA:78,9,1,0
BRDA:81,10,0,0
BRDA:81,10,1,0
BRDA:86,11,0,0
BRDA:86,11,1,0
BRDA:91,12,0,0
BRDA:91,12,1,0
BRDA:113,13,0,0
BRDA:113,13,1,0
BRDA:120,14,0,0
BRDA:120,14,1,0
BRDA:143,15,0,0
BRDA:143,15,1,0
BRDA:174,16,0,0
BRDA:174,16,1,0
BRDA:185,17,0,0
BRDA:185,17,1,0
BRDA:186,18,0,0
BRDA:186,18,1,0
BRDA:187,19,0,0
BRDA:187,19,1,0
BRDA:188,20,0,0
BRDA:188,20,1,0
BRDA:193,21,0,0
BRDA:193,21,1,0
BRF:44
BRH:0
end_of_record
TN:
SF:src\middleware\auth.js
FN:3,checkToken
FN:22,checkAdmin
FN:29,checkKYC
FNF:3
FNH:1
FNDA:23,checkToken
FNDA:0,checkAdmin
FNDA:0,checkKYC
DA:1,5
DA:2,5
DA:4,23
DA:5,23
DA:6,23
DA:7,23
DA:9,0
DA:11,0
DA:12,0
DA:14,0
DA:15,0
DA:17,0
DA:19,0
DA:23,0
DA:24,0
DA:26,0
DA:30,0
DA:31,0
DA:32,0
DA:33,0
DA:34,0
DA:36,0
DA:37,0
DA:39,0
DA:40,0
DA:46,0
DA:48,0
DA:52,5
LF:28
LH:7
BRDA:6,0,0,23
BRDA:6,0,1,0
BRDA:11,1,0,0
BRDA:11,1,1,0
BRDA:23,2,0,0
BRDA:23,2,1,0
BRDA:33,3,0,0
BRDA:33,3,1,0
BRDA:36,4,0,0
BRDA:36,4,1,0
BRDA:39,5,0,0
BRDA:39,5,1,0
BRF:12
BRH:1
end_of_record
TN:
SF:src\models\Group.js
FNF:0
FNH:0
DA:1,5
DA:3,5
DA:36,5
LF:3
LH:3
BRF:0
BRH:0
end_of_record
TN:
SF:src\models\Notification.js
FNF:0
FNH:0
DA:1,5
DA:3,5
DA:11,5
LF:3
LH:3
BRF:0
BRH:0
end_of_record
TN:
SF:src\models\User.js
FNF:0
FNH:0
DA:1,5
DA:3,5
DA:40,5
LF:3
LH:3
BRF:0
BRH:0
end_of_record
TN:
SF:src\routes\groupRoutes.js
FNF:0
FNH:0
DA:1,5
DA:14,5
DA:15,5
DA:17,5
DA:18,5
DA:20,5
DA:21,5
DA:22,5
DA:23,5
DA:24,5
DA:25,5
DA:26,5
DA:27,5
DA:28,5
DA:29,5
DA:30,5
DA:32,5
LF:17
LH:17
BRF:0
BRH:0
end_of_record
TN:
SF:src\routes\index.js
FNF:0
FNH:0
DA:1,5
DA:2,5
DA:3,5
DA:4,5
DA:5,5
DA:6,5
DA:7,5
DA:9,5
DA:11,5
DA:14,5
DA:15,5
DA:16,5
DA:17,5
DA:20,5
DA:21,5
DA:24,5
DA:27,5
DA:30,5
DA:32,5
LF:19
LH:19
BRF:0
BRH:0
end_of_record
TN:
SF:src\routes\notificationRoutes.js
FNF:0
FNH:0
DA:1,5
DA:8,5
DA:9,5
DA:11,5
DA:12,5
DA:14,5
DA:15,5
DA:16,5
DA:17,5
DA:18,5
DA:20,5
LF:11
LH:11
BRF:0
BRH:0
end_of_record
TN:
SF:src\routes\profileRoutes.js
FNF:0
FNH:0
DA:1,5
DA:8,5
DA:9,5
DA:11,5
DA:12,5
DA:14,5
DA:15,5
DA:16,5
DA:17,5
DA:18,5
DA:20,5
LF:11
LH:11
BRF:0
BRH:0
end_of_record
